<!DOCTYPE html PUBLIC "-//W3C//DTD XHTML 1.1//EN" "https://www.w3.org/TR/xhtml11/DTD/xhtml11.dtd">
<html xmlns="https://www.w3.org/1999/xhtml">
<head>
<meta http-equiv="content-type" content="text/html; charset=UTF-8"/>
<title>TestNG Report</title>
<style type="text/css">table {margin-bottom:10px;border-collapse:collapse;empty-cells:show}th,td {border:1px solid #009;padding:.25em .5em}th {vertical-align:bottom}td {vertical-align:top}table a {font-weight:bold}.stripe td {background-color: #E6EBF9}.num {text-align:right}.passedodd td {background-color: #3F3}.passedeven td {background-color: #0A0}.skippedodd td {background-color: #DDD}.skippedeven td {background-color: #CCC}.failedodd td,.attn {background-color: #F33}.failedeven td,.stripe .attn {background-color: #D00}.stacktrace {white-space:pre;font-family:monospace}.totop {font-size:85%;text-align:center;border-bottom:2px solid #000}.invisible {display:none}</style>
</head>
<body>
<table>
<tr><th>Test</th><th># Passed</th><th># Skipped</th><th># Retried</th><th># Failed</th><th>Time (ms)</th><th>Included Groups</th><th>Excluded Groups</th></tr>
<tr><th colspan="8">CrossBrowserSuite</th></tr>
<tr><td><a href="#t0">FirefoxbrowserTesting</a></td><td class="num">0</td><td class="num">0</td><td class="num">0</td><td class="num attn">6</td><td class="num">112</td><td></td><td></td></tr>
<tr class="stripe"><td><a href="#t1">parallel Test</a></td><td class="num">6</td><td class="num">0</td><td class="num">0</td><td class="num">0</td><td class="num">4,439</td><td></td><td></td></tr>
<tr><th>Total</th><th class="num">6</th><th class="num">0</th><th class="num">0</th><th class="num attn">6</th><th class="num">4,551</th><th colspan="2"></th></tr>
</table>
<table id='summary'><thead><tr><th>Class</th><th>Method</th><th>Start</th><th>Time (ms)</th></tr></thead><tbody><tr><th colspan="4">CrossBrowserSuite</th></tr></tbody><tbody id="t0"><tr><th colspan="4">FirefoxbrowserTesting &#8212; failed</th></tr><tr class="failedeven"><td rowspan="6">Parameterisation.AllBrowserTesting</td><td><a href="#m0">ClickLoginButton</a></td><td rowspan="1">1652955793835</td><td rowspan="1">1</td></tr><tr class="failedeven"><td><a href="#m1">CrossbrowserTesting</a></td><td rowspan="1">1652955793758</td><td rowspan="1">53</td></tr><tr class="failedeven"><td><a href="#m2">verifyCurrentUrl</a></td><td rowspan="1">1652955793820</td><td rowspan="1">1</td></tr><tr class="failedeven"><td><a href="#m3">verifyPageTitle</a></td><td rowspan="1">1652955793824</td><td rowspan="1">1</td></tr><tr class="failedeven"><td><a href="#m4">verifyPasswordeField</a></td><td rowspan="1">1652955793832</td><td rowspan="1">1</td></tr><tr class="failedeven"><td><a href="#m5">verifyUsernameField</a></td><td rowspan="1">1652955793827</td><td rowspan="1">3</td></tr></tbody>
<tbody id="t1"><tr><th colspan="4">parallel Test &#8212; passed</th></tr><tr class="passedeven"><td rowspan="6">Parameterisation.AllBrowserTesting</td><td><a href="#m6">ClickLoginButton</a></td><td rowspan="1">1652955798115</td><td rowspan="1">48</td></tr><tr class="passedeven"><td><a href="#m7">CrossbrowserTesting</a></td><td rowspan="1">1652955793758</td><td rowspan="1">4151</td></tr><tr class="passedeven"><td><a href="#m8">verifyCurrentUrl</a></td><td rowspan="1">1652955797911</td><td rowspan="1">16</td></tr><tr class="passedeven"><td><a href="#m9">verifyPageTitle</a></td><td rowspan="1">1652955797928</td><td rowspan="1">11</td></tr><tr class="passedeven"><td><a href="#m10">verifyPasswordeField</a></td><td rowspan="1">1652955798045</td><td rowspan="1">69</td></tr><tr class="passedeven"><td><a href="#m11">verifyUsernameField</a></td><td rowspan="1">1652955797940</td><td rowspan="1">102</td></tr></tbody>
</table>
<h2>FirefoxbrowserTesting</h2><h3 id="m0">Parameterisation.AllBrowserTesting#ClickLoginButton</h3><table class="result"><tr><th>Exception</th></tr><tr><td><div class="stacktrace">java.lang.NullPointerException: Cannot invoke &quot;org.openqa.selenium.WebDriver.findElement(org.openqa.selenium.By)&quot; because &quot;this.driver&quot; is null
	at Parameterisation.AllBrowserTesting.ClickLoginButton(AllBrowserTesting.java:60)
	at java.base/java.util.ArrayList.forEach(ArrayList.java:1511)
	at java.base/java.util.concurrent.FutureTask.run(FutureTask.java:264)
	at java.base/java.util.concurrent.ThreadPoolExecutor.runWorker(ThreadPoolExecutor.java:1136)
	at java.base/java.util.concurrent.ThreadPoolExecutor$Worker.run(ThreadPoolExecutor.java:635)
	at java.base/java.lang.Thread.run(Thread.java:833)
... Removed 18 stack frames</div></td></tr></table><p class="totop"><a href="#summary">back to summary</a></p>
<h3 id="m1">Parameterisation.AllBrowserTesting#CrossbrowserTesting</h3><table class="result"><tr class="param"><th>Parameter #1</th></tr><tr class="param stripe"><td>firefox</td></tr><tr><th>Exception</th></tr><tr><td><div class="stacktrace">org.openqa.selenium.WebDriverException: Cannot find firefox binary in PATH. Make sure firefox is installed. OS appears to be: WIN10
Build info: version: &apos;3.141.59&apos;, revision: &apos;e82be7d358&apos;, time: &apos;2018-11-14T08:17:03&apos;
System info: host: &apos;DESKTOP-2D3BIIR&apos;, ip: &apos;192.168.43.79&apos;, os.name: &apos;Windows 10&apos;, os.arch: &apos;amd64&apos;, os.version: &apos;10.0&apos;, java.version: &apos;17.0.1&apos;
Driver info: driver.version: FirefoxDriver
	at org.openqa.selenium.firefox.FirefoxBinary.&lt;init&gt;(FirefoxBinary.java:100)
	at java.base/java.util.Optional.orElseGet(Optional.java:364)
	at org.openqa.selenium.firefox.FirefoxOptions.getBinary(FirefoxOptions.java:216)
	at org.openqa.selenium.firefox.FirefoxDriver.toExecutor(FirefoxDriver.java:187)
	at org.openqa.selenium.firefox.FirefoxDriver.&lt;init&gt;(FirefoxDriver.java:147)
	at org.openqa.selenium.firefox.FirefoxDriver.&lt;init&gt;(FirefoxDriver.java:125)
	at Parameterisation.AllBrowserTesting.CrossbrowserTesting(AllBrowserTesting.java:25)
	at java.base/java.util.ArrayList.forEach(ArrayList.java:1511)
	at java.base/java.util.concurrent.FutureTask.run(FutureTask.java:264)
	at java.base/java.util.concurrent.ThreadPoolExecutor.runWorker(ThreadPoolExecutor.java:1136)
	at java.base/java.util.concurrent.ThreadPoolExecutor$Worker.run(ThreadPoolExecutor.java:635)
	at java.base/java.lang.Thread.run(Thread.java:833)
... Removed 18 stack frames</div></td></tr></table><p class="totop"><a href="#summary">back to summary</a></p>
<h3 id="m2">Parameterisation.AllBrowserTesting#verifyCurrentUrl</h3><table class="result"><tr><th>Exception</th></tr><tr><td><div class="stacktrace">java.lang.NullPointerException: Cannot invoke &quot;org.openqa.selenium.WebDriver.getCurrentUrl()&quot; because &quot;this.driver&quot; is null
	at Parameterisation.AllBrowserTesting.verifyCurrentUrl(AllBrowserTesting.java:36)
	at java.base/java.util.ArrayList.forEach(ArrayList.java:1511)
	at java.base/java.util.concurrent.FutureTask.run(FutureTask.java:264)
	at java.base/java.util.concurrent.ThreadPoolExecutor.runWorker(ThreadPoolExecutor.java:1136)
	at java.base/java.util.concurrent.ThreadPoolExecutor$Worker.run(ThreadPoolExecutor.java:635)
	at java.base/java.lang.Thread.run(Thread.java:833)
... Removed 18 stack frames</div></td></tr></table><p class="totop"><a href="#summary">back to summary</a></p>
<h3 id="m3">Parameterisation.AllBrowserTesting#verifyPageTitle</h3><table class="result"><tr><th>Exception</th></tr><tr><td><div class="stacktrace">java.lang.NullPointerException: Cannot invoke &quot;org.openqa.selenium.WebDriver.getTitle()&quot; because &quot;this.driver&quot; is null
	at Parameterisation.AllBrowserTesting.verifyPageTitle(AllBrowserTesting.java:41)
	at java.base/java.util.ArrayList.forEach(ArrayList.java:1511)
	at java.base/java.util.concurrent.FutureTask.run(FutureTask.java:264)
	at java.base/java.util.concurrent.ThreadPoolExecutor.runWorker(ThreadPoolExecutor.java:1136)
	at java.base/java.util.concurrent.ThreadPoolExecutor$Worker.run(ThreadPoolExecutor.java:635)
	at java.base/java.lang.Thread.run(Thread.java:833)
... Removed 18 stack frames</div></td></tr></table><p class="totop"><a href="#summary">back to summary</a></p>
<h3 id="m4">Parameterisation.AllBrowserTesting#verifyPasswordeField</h3><table class="result"><tr><th>Exception</th></tr><tr><td><div class="stacktrace">java.lang.NullPointerException: Cannot invoke &quot;org.openqa.selenium.WebDriver.findElement(org.openqa.selenium.By)&quot; because &quot;this.driver&quot; is null
	at Parameterisation.AllBrowserTesting.verifyPasswordeField(AllBrowserTesting.java:53)
	at java.base/java.util.ArrayList.forEach(ArrayList.java:1511)
	at java.base/java.util.concurrent.FutureTask.run(FutureTask.java:264)
	at java.base/java.util.concurrent.ThreadPoolExecutor.runWorker(ThreadPoolExecutor.java:1136)
	at java.base/java.util.concurrent.ThreadPoolExecutor$Worker.run(ThreadPoolExecutor.java:635)
	at java.base/java.lang.Thread.run(Thread.java:833)
... Removed 18 stack frames</div></td></tr></table><p class="totop"><a href="#summary">back to summary</a></p>
<h3 id="m5">Parameterisation.AllBrowserTesting#verifyUsernameField</h3><table class="result"><tr><th>Exception</th></tr><tr><td><div class="stacktrace">java.lang.NullPointerException: Cannot invoke &quot;org.openqa.selenium.WebDriver.findElement(org.openqa.selenium.By)&quot; because &quot;this.driver&quot; is null
	at Parameterisation.AllBrowserTesting.verifyUsernameField(AllBrowserTesting.java:46)
	at java.base/java.util.ArrayList.forEach(ArrayList.java:1511)
	at java.base/java.util.concurrent.FutureTask.run(FutureTask.java:264)
	at java.base/java.util.concurrent.ThreadPoolExecutor.runWorker(ThreadPoolExecutor.java:1136)
	at java.base/java.util.concurrent.ThreadPoolExecutor$Worker.run(ThreadPoolExecutor.java:635)
	at java.base/java.lang.Thread.run(Thread.java:833)
... Removed 18 stack frames</div></td></tr></table><p class="totop"><a href="#summary">back to summary</a></p>
<h2>parallel Test</h2><h3 id="m6">Parameterisation.AllBrowserTesting#ClickLoginButton</h3><table class="result"><tr><th class="invisible"/></tr></table><p class="totop"><a href="#summary">back to summary</a></p>
<h3 id="m7">Parameterisation.AllBrowserTesting#CrossbrowserTesting</h3><table class="result"><tr class="param"><th>Parameter #1</th></tr><tr class="param stripe"><td>chrome</td></tr></table><p class="totop"><a href="#summary">back to summary</a></p>
<h3 id="m8">Parameterisation.AllBrowserTesting#verifyCurrentUrl</h3><table class="result"><tr><th>Messages</th></tr><tr><td><div class="messages">verifyCurrentUrl</div></td></tr></table><p class="totop"><a href="#summary">back to summary</a></p>
<h3 id="m9">Parameterisation.AllBrowserTesting#verifyPageTitle</h3><table class="result"><tr><th>Messages</th></tr><tr><td><div class="messages">verifyPageTitle</div></td></tr></table><p class="totop"><a href="#summary">back to summary</a></p>
<h3 id="m10">Parameterisation.AllBrowserTesting#verifyPasswordeField</h3><table class="result"><tr><th class="invisible"/></tr></table><p class="totop"><a href="#summary">back to summary</a></p>
<h3 id="m11">Parameterisation.AllBrowserTesting#verifyUsernameField</h3><table class="result"><tr><th class="invisible"/></tr></table><p class="totop"><a href="#summary">back to summary</a></p>
</body>
</html>
